<?xml version="1.0" encoding="UTF-8"?>
<!-- Generated by org.testng.reporters.JUnitReportReporter -->
<testsuite skipped="0" hostname="LAPTOP-DGUIFUJI" name="com.testNG.class01.DifferentAnnotationsDemo" tests="1" failures="0" timestamp="2020-05-19T20:00:00 EDT" time="0.005" errors="0">
  <testcase name="actualTest" time="0.005" classname="com.testNG.class01.DifferentAnnotationsDemo"/>
  <system-out/>
</testsuite> <!-- com.testNG.class01.DifferentAnnotationsDemo -->
