<?xml version="1.0" encoding="UTF-8"?>
<!-- Generated by org.testng.reporters.JUnitReportReporter -->
<testsuite skipped="0" hostname="LAPTOP-DGUIFUJI" name="com.testNG.class01.TestNGDemo" tests="3" failures="0" timestamp="2020-05-19T19:32:40 EDT" time="0.008" errors="0">
  <testcase name="testThree" time="0.001" classname="com.testNG.class01.TestNGDemo"/>
  <system-out/>
  <testcase name="testOne" time="0.006" classname="com.testNG.class01.TestNGDemo"/>
  <system-out/>
  <testcase name="testTwo" time="0.001" classname="com.testNG.class01.TestNGDemo"/>
  <system-out/>
</testsuite> <!-- com.testNG.class01.TestNGDemo -->
