<?xml version="1.0" encoding="UTF-8"?>
<!-- Generated by org.testng.reporters.JUnitReportReporter -->
<testsuite skipped="0" hostname="LAPTOP-DGUIFUJI" name="com.testNG.class01.Andrei" tests="1" failures="0" timestamp="2020-05-19T19:39:10 EDT" time="0.005" errors="0">
  <testcase name="andreiMethod" time="0.005" classname="com.testNG.class01.Andrei"/>
  <system-out/>
</testsuite> <!-- com.testNG.class01.Andrei -->
